snap-chat16122024/snap-chat/app/build/intermediates/manifest_merge_blame_file/debug/manifest-merger-blame-debug-report.txt
1<?xml version="1.0" encoding="utf-8"?>
2<manifest xmlns:android="http://schemas.android.com/apk/res/android"
3    package="com.jeuxdevelopers.superchat"
4    android:versionCode="1"
5    android:versionName="1.0.0(beta)" >
6
7    <uses-sdk
8        android:minSdkVersion="21"
8-->src\main\AndroidManifest.xml
9        android:targetSdkVersion="34" />
9-->src\main\AndroidManifest.xml
10
11    <queries>
11-->[com.github.CanHub:Android-Image-Cropper:3.2.2] AndroidManifest.xml:11:5-22:15
12        <intent>
12-->[com.github.CanHub:Android-Image-Cropper:3.2.2] AndroidManifest.xml:12:9-18:18
13            <action android:name="android.intent.action.GET_CONTENT" />
13-->[com.github.CanHub:Android-Image-Cropper:3.2.2] AndroidManifest.xml:13:13-72
13-->[com.github.CanHub:Android-Image-Cropper:3.2.2] AndroidManifest.xml:13:21-69
14
15            <category android:name="android.intent.category.OPENABLE" />
15-->[com.github.CanHub:Android-Image-Cropper:3.2.2] AndroidManifest.xml:15:13-73
15-->[com.github.CanHub:Android-Image-Cropper:3.2.2] AndroidManifest.xml:15:23-70
16
17            <data android:mimeType="*/*" />
17-->[com.github.CanHub:Android-Image-Cropper:3.2.2] AndroidManifest.xml:17:13-44
17-->[com.github.CanHub:Android-Image-Cropper:3.2.2] AndroidManifest.xml:17:19-41
18        </intent>
19        <intent>
19-->[com.github.CanHub:Android-Image-Cropper:3.2.2] AndroidManifest.xml:19:9-21:18
20            <action android:name="android.media.action.IMAGE_CAPTURE" />
20-->[com.github.CanHub:Android-Image-Cropper:3.2.2] AndroidManifest.xml:20:13-73
20-->[com.github.CanHub:Android-Image-Cropper:3.2.2] AndroidManifest.xml:20:21-70
21        </intent>
22    </queries>
23
24    <uses-permission android:name="com.android.vending.BILLING" /> <!-- Although the *SdkVersion is captured in gradle build files, this is required for non gradle builds -->
24-->[com.android.billingclient:billing-ktx:4.0.0] AndroidManifest.xml:9:5-67
24-->[com.android.billingclient:billing-ktx:4.0.0] AndroidManifest.xml:9:22-64
25    <!-- <uses-sdk android:minSdkVersion="14" /> -->
26    <uses-permission android:name="android.permission.ACCESS_NETWORK_STATE" />
26-->[com.google.firebase:firebase-firestore:23.0.4] AndroidManifest.xml:13:5-79
26-->[com.google.firebase:firebase-firestore:23.0.4] AndroidManifest.xml:13:22-76
27    <uses-permission android:name="android.permission.INTERNET" />
27-->[com.google.firebase:firebase-firestore:23.0.4] AndroidManifest.xml:14:5-67
27-->[com.google.firebase:firebase-firestore:23.0.4] AndroidManifest.xml:14:22-64
28
29    <application
29-->src\main\AndroidManifest.xml:5:5-29:19
30        android:allowBackup="true"
30-->src\main\AndroidManifest.xml:6:9-35
31        android:appComponentFactory="androidx.core.app.CoreComponentFactory"
31-->[androidx.core:core:1.6.0] AndroidManifest.xml:24:18-86
32        android:debuggable="true"
33        android:icon="@mipmap/ic_launcher_app"
33-->src\main\AndroidManifest.xml:7:9-47
34        android:label="@string/app_name"
34-->src\main\AndroidManifest.xml:8:9-41
35        android:roundIcon="@mipmap/ic_launcher_app_round"
35-->src\main\AndroidManifest.xml:9:9-58
36        android:supportsRtl="true"
36-->src\main\AndroidManifest.xml:10:9-35
37        android:theme="@style/Theme.SuperChat" >
37-->src\main\AndroidManifest.xml:11:9-47
38        <activity
38-->src\main\AndroidManifest.xml:12:9-20:20
39            android:name="com.jeuxdevelopers.superchat.activities.SplashActivity"
39-->src\main\AndroidManifest.xml:13:13-54
40            android:exported="true" >
40-->src\main\AndroidManifest.xml:14:13-36
41            <intent-filter>
41-->src\main\AndroidManifest.xml:15:13-19:29
42                <action android:name="android.intent.action.MAIN" />
42-->src\main\AndroidManifest.xml:16:17-69
42-->src\main\AndroidManifest.xml:16:25-66
43
44                <category android:name="android.intent.category.LAUNCHER" />
44-->src\main\AndroidManifest.xml:18:17-77
44-->src\main\AndroidManifest.xml:18:27-74
45            </intent-filter>
46        </activity>
47        <activity
47-->src\main\AndroidManifest.xml:21:9-23:39
48            android:name="com.jeuxdevelopers.superchat.activities.MainActivity"
48-->src\main\AndroidManifest.xml:22:13-52
49            android:exported="true" />
49-->src\main\AndroidManifest.xml:23:13-36
50        <activity
50-->src\main\AndroidManifest.xml:24:9-25:38
51            android:name="com.jeuxdevelopers.superchat.activities.AuthenticationActivity"
51-->src\main\AndroidManifest.xml:24:19-68
52            android:exported="true" />
52-->src\main\AndroidManifest.xml:25:13-36
53        <activity
53-->src\main\AndroidManifest.xml:26:9-28:59
54            android:name="com.canhub.cropper.CropImageActivity"
54-->src\main\AndroidManifest.xml:27:13-64
55            android:theme="@style/Base.Theme.AppCompat" />
55-->src\main\AndroidManifest.xml:28:13-56
56
57        <provider
57-->[com.github.CanHub:Android-Image-Cropper:3.2.2] AndroidManifest.xml:25:9-33:20
58            android:name="com.canhub.cropper.CropFileProvider"
58-->[com.github.CanHub:Android-Image-Cropper:3.2.2] AndroidManifest.xml:26:13-63
59            android:authorities="com.jeuxdevelopers.superchat.cropper.fileprovider"
59-->[com.github.CanHub:Android-Image-Cropper:3.2.2] AndroidManifest.xml:27:13-72
60            android:exported="false"
60-->[com.github.CanHub:Android-Image-Cropper:3.2.2] AndroidManifest.xml:28:13-37
61            android:grantUriPermissions="true" >
61-->[com.github.CanHub:Android-Image-Cropper:3.2.2] AndroidManifest.xml:29:13-47
62            <meta-data
62-->[com.github.CanHub:Android-Image-Cropper:3.2.2] AndroidManifest.xml:30:13-32:62
63                android:name="android.support.FILE_PROVIDER_PATHS"
63-->[com.github.CanHub:Android-Image-Cropper:3.2.2] AndroidManifest.xml:31:17-67
64                android:resource="@xml/library_file_paths" />
64-->[com.github.CanHub:Android-Image-Cropper:3.2.2] AndroidManifest.xml:32:17-59
65        </provider>
66
67        <service
67-->[com.google.firebase:firebase-auth-ktx:21.0.1] AndroidManifest.xml:8:9-14:19
68            android:name="com.google.firebase.components.ComponentDiscoveryService"
68-->[com.google.firebase:firebase-auth-ktx:21.0.1] AndroidManifest.xml:9:13-84
69            android:directBootAware="true"
69-->[com.google.firebase:firebase-common:20.0.0] AndroidManifest.xml:35:13-43
70            android:exported="false" >
70-->[com.google.firebase:firebase-auth-ktx:21.0.1] AndroidManifest.xml:10:13-37
71            <meta-data
71-->[com.google.firebase:firebase-auth-ktx:21.0.1] AndroidManifest.xml:11:13-13:85
72                android:name="com.google.firebase.components:com.google.firebase.auth.ktx.FirebaseAuthKtxRegistrar"
72-->[com.google.firebase:firebase-auth-ktx:21.0.1] AndroidManifest.xml:12:17-116
73                android:value="com.google.firebase.components.ComponentRegistrar" />
73-->[com.google.firebase:firebase-auth-ktx:21.0.1] AndroidManifest.xml:13:17-82
74            <meta-data
74-->[com.google.firebase:firebase-firestore-ktx:23.0.4] AndroidManifest.xml:15:13-17:85
75                android:name="com.google.firebase.components:com.google.firebase.firestore.ktx.FirebaseFirestoreKtxRegistrar"
75-->[com.google.firebase:firebase-firestore-ktx:23.0.4] AndroidManifest.xml:16:17-126
76                android:value="com.google.firebase.components.ComponentRegistrar" />
76-->[com.google.firebase:firebase-firestore-ktx:23.0.4] AndroidManifest.xml:17:17-82
77            <meta-data
77-->[com.google.firebase:firebase-storage-ktx:20.0.0] AndroidManifest.xml:15:13-17:85
78                android:name="com.google.firebase.components:com.google.firebase.storage.ktx.FirebaseStorageKtxRegistrar"
78-->[com.google.firebase:firebase-storage-ktx:20.0.0] AndroidManifest.xml:16:17-122
79                android:value="com.google.firebase.components.ComponentRegistrar" />
79-->[com.google.firebase:firebase-storage-ktx:20.0.0] AndroidManifest.xml:17:17-82
80            <meta-data
80-->[com.google.firebase:firebase-database-ktx:20.0.2] AndroidManifest.xml:15:13-17:85
81                android:name="com.google.firebase.components:com.google.firebase.database.ktx.FirebaseDatabaseKtxRegistrar"
81-->[com.google.firebase:firebase-database-ktx:20.0.2] AndroidManifest.xml:16:17-124
82                android:value="com.google.firebase.components.ComponentRegistrar" />
82-->[com.google.firebase:firebase-database-ktx:20.0.2] AndroidManifest.xml:17:17-82
83            <meta-data
83-->[com.google.firebase:firebase-firestore:23.0.4] AndroidManifest.xml:20:13-22:85
84                android:name="com.google.firebase.components:com.google.firebase.firestore.FirestoreRegistrar"
84-->[com.google.firebase:firebase-firestore:23.0.4] AndroidManifest.xml:21:17-111
85                android:value="com.google.firebase.components.ComponentRegistrar" />
85-->[com.google.firebase:firebase-firestore:23.0.4] AndroidManifest.xml:22:17-82
86            <meta-data
86-->[com.google.firebase:firebase-auth:21.0.1] AndroidManifest.xml:77:13-79:85
87                android:name="com.google.firebase.components:com.google.firebase.auth.FirebaseAuthRegistrar"
87-->[com.google.firebase:firebase-auth:21.0.1] AndroidManifest.xml:78:17-109
88                android:value="com.google.firebase.components.ComponentRegistrar" />
88-->[com.google.firebase:firebase-auth:21.0.1] AndroidManifest.xml:79:17-82
89            <meta-data
89-->[com.google.firebase:firebase-storage:20.0.0] AndroidManifest.xml:33:13-35:85
90                android:name="com.google.firebase.components:com.google.firebase.storage.StorageRegistrar"
90-->[com.google.firebase:firebase-storage:20.0.0] AndroidManifest.xml:34:17-107
91                android:value="com.google.firebase.components.ComponentRegistrar" />
91-->[com.google.firebase:firebase-storage:20.0.0] AndroidManifest.xml:35:17-82
92            <meta-data
92-->[com.google.firebase:firebase-database:20.0.2] AndroidManifest.xml:32:13-34:85
93                android:name="com.google.firebase.components:com.google.firebase.database.DatabaseRegistrar"
93-->[com.google.firebase:firebase-database:20.0.2] AndroidManifest.xml:33:17-109
94                android:value="com.google.firebase.components.ComponentRegistrar" />
94-->[com.google.firebase:firebase-database:20.0.2] AndroidManifest.xml:34:17-82
95            <meta-data
95-->[com.google.firebase:firebase-common-ktx:20.0.0] AndroidManifest.xml:15:13-17:85
96                android:name="com.google.firebase.components:com.google.firebase.ktx.FirebaseCommonKtxRegistrar"
96-->[com.google.firebase:firebase-common-ktx:20.0.0] AndroidManifest.xml:16:17-113
97                android:value="com.google.firebase.components.ComponentRegistrar" />
97-->[com.google.firebase:firebase-common-ktx:20.0.0] AndroidManifest.xml:17:17-82
98        </service>
99
100        <activity
100-->[com.google.android.gms:play-services-auth:19.2.0] AndroidManifest.xml:23:9-27:75
101            android:name="com.google.android.gms.auth.api.signin.internal.SignInHubActivity"
101-->[com.google.android.gms:play-services-auth:19.2.0] AndroidManifest.xml:24:13-93
102            android:excludeFromRecents="true"
102-->[com.google.android.gms:play-services-auth:19.2.0] AndroidManifest.xml:25:13-46
103            android:exported="false"
103-->[com.google.android.gms:play-services-auth:19.2.0] AndroidManifest.xml:26:13-37
104            android:theme="@android:style/Theme.Translucent.NoTitleBar" />
104-->[com.google.android.gms:play-services-auth:19.2.0] AndroidManifest.xml:27:13-72
105        <!--
106            Service handling Google Sign-In user revocation. For apps that do not integrate with
107            Google Sign-In, this service will never be started.
108        -->
109        <service
109-->[com.google.android.gms:play-services-auth:19.2.0] AndroidManifest.xml:33:9-37:51
110            android:name="com.google.android.gms.auth.api.signin.RevocationBoundService"
110-->[com.google.android.gms:play-services-auth:19.2.0] AndroidManifest.xml:34:13-89
111            android:exported="true"
111-->[com.google.android.gms:play-services-auth:19.2.0] AndroidManifest.xml:35:13-36
112            android:permission="com.google.android.gms.auth.api.signin.permission.REVOCATION_NOTIFICATION"
112-->[com.google.android.gms:play-services-auth:19.2.0] AndroidManifest.xml:36:13-107
113            android:visibleToInstantApps="true" />
113-->[com.google.android.gms:play-services-auth:19.2.0] AndroidManifest.xml:37:13-48
114
115        <provider
115-->[androidx.lifecycle:lifecycle-process:2.4.0] AndroidManifest.xml:26:9-34:20
116            android:name="androidx.startup.InitializationProvider"
116-->[androidx.lifecycle:lifecycle-process:2.4.0] AndroidManifest.xml:27:13-67
117            android:authorities="com.jeuxdevelopers.superchat.androidx-startup"
117-->[androidx.lifecycle:lifecycle-process:2.4.0] AndroidManifest.xml:28:13-68
118            android:exported="false" >
118-->[androidx.lifecycle:lifecycle-process:2.4.0] AndroidManifest.xml:29:13-37
119            <meta-data
119-->[androidx.lifecycle:lifecycle-process:2.4.0] AndroidManifest.xml:31:13-33:52
120                android:name="androidx.lifecycle.ProcessLifecycleInitializer"
120-->[androidx.lifecycle:lifecycle-process:2.4.0] AndroidManifest.xml:32:17-78
121                android:value="androidx.startup" />
121-->[androidx.lifecycle:lifecycle-process:2.4.0] AndroidManifest.xml:33:17-49
122        </provider>
123
124        <activity
124-->[com.google.firebase:firebase-auth:21.0.1] AndroidManifest.xml:27:9-44:20
125            android:name="com.google.firebase.auth.internal.GenericIdpActivity"
125-->[com.google.firebase:firebase-auth:21.0.1] AndroidManifest.xml:28:13-80
126            android:excludeFromRecents="true"
126-->[com.google.firebase:firebase-auth:21.0.1] AndroidManifest.xml:29:13-46
127            android:exported="true"
127-->[com.google.firebase:firebase-auth:21.0.1] AndroidManifest.xml:30:13-36
128            android:launchMode="singleTask"
128-->[com.google.firebase:firebase-auth:21.0.1] AndroidManifest.xml:31:13-44
129            android:theme="@android:style/Theme.Translucent.NoTitleBar" >
129-->[com.google.firebase:firebase-auth:21.0.1] AndroidManifest.xml:32:13-72
130            <intent-filter>
130-->[com.google.firebase:firebase-auth:21.0.1] AndroidManifest.xml:33:13-43:29
131                <action android:name="android.intent.action.VIEW" />
131-->[com.google.firebase:firebase-auth:21.0.1] AndroidManifest.xml:34:17-69
131-->[com.google.firebase:firebase-auth:21.0.1] AndroidManifest.xml:34:25-66
132
133                <category android:name="android.intent.category.DEFAULT" />
133-->[com.google.firebase:firebase-auth:21.0.1] AndroidManifest.xml:36:17-76
133-->[com.google.firebase:firebase-auth:21.0.1] AndroidManifest.xml:36:27-73
134                <category android:name="android.intent.category.BROWSABLE" />
134-->[com.google.firebase:firebase-auth:21.0.1] AndroidManifest.xml:37:17-78
134-->[com.google.firebase:firebase-auth:21.0.1] AndroidManifest.xml:37:27-75
135
136                <data
136-->[com.github.CanHub:Android-Image-Cropper:3.2.2] AndroidManifest.xml:17:13-44
137                    android:host="firebase.auth"
138                    android:path="/"
139                    android:scheme="genericidp" />
140            </intent-filter>
141        </activity>
142        <activity
142-->[com.google.firebase:firebase-auth:21.0.1] AndroidManifest.xml:45:9-62:20
143            android:name="com.google.firebase.auth.internal.RecaptchaActivity"
143-->[com.google.firebase:firebase-auth:21.0.1] AndroidManifest.xml:46:13-79
144            android:excludeFromRecents="true"
144-->[com.google.firebase:firebase-auth:21.0.1] AndroidManifest.xml:47:13-46
145            android:exported="true"
145-->[com.google.firebase:firebase-auth:21.0.1] AndroidManifest.xml:48:13-36
146            android:launchMode="singleTask"
146-->[com.google.firebase:firebase-auth:21.0.1] AndroidManifest.xml:49:13-44
147            android:theme="@android:style/Theme.Translucent.NoTitleBar" >
147-->[com.google.firebase:firebase-auth:21.0.1] AndroidManifest.xml:50:13-72
148            <intent-filter>
148-->[com.google.firebase:firebase-auth:21.0.1] AndroidManifest.xml:51:13-61:29
149                <action android:name="android.intent.action.VIEW" />
149-->[com.google.firebase:firebase-auth:21.0.1] AndroidManifest.xml:34:17-69
149-->[com.google.firebase:firebase-auth:21.0.1] AndroidManifest.xml:34:25-66
150
151                <category android:name="android.intent.category.DEFAULT" />
151-->[com.google.firebase:firebase-auth:21.0.1] AndroidManifest.xml:36:17-76
151-->[com.google.firebase:firebase-auth:21.0.1] AndroidManifest.xml:36:27-73
152                <category android:name="android.intent.category.BROWSABLE" />
152-->[com.google.firebase:firebase-auth:21.0.1] AndroidManifest.xml:37:17-78
152-->[com.google.firebase:firebase-auth:21.0.1] AndroidManifest.xml:37:27-75
153
154                <data
154-->[com.github.CanHub:Android-Image-Cropper:3.2.2] AndroidManifest.xml:17:13-44
155                    android:host="firebase.auth"
156                    android:path="/"
157                    android:scheme="recaptcha" />
158            </intent-filter>
159        </activity>
160
161        <service
161-->[com.google.firebase:firebase-auth:21.0.1] AndroidManifest.xml:64:9-73:19
162            android:name="com.google.firebase.auth.api.fallback.service.FirebaseAuthFallbackService"
162-->[com.google.firebase:firebase-auth:21.0.1] AndroidManifest.xml:65:13-101
163            android:enabled="true"
163-->[com.google.firebase:firebase-auth:21.0.1] AndroidManifest.xml:66:13-35
164            android:exported="false" >
164-->[com.google.firebase:firebase-auth:21.0.1] AndroidManifest.xml:67:13-37
165            <intent-filter>
165-->[com.google.firebase:firebase-auth:21.0.1] AndroidManifest.xml:68:13-72:29
166                <action android:name="com.google.firebase.auth.api.gms.service.START" />
166-->[com.google.firebase:firebase-auth:21.0.1] AndroidManifest.xml:69:17-89
166-->[com.google.firebase:firebase-auth:21.0.1] AndroidManifest.xml:69:25-86
167
168                <category android:name="android.intent.category.DEFAULT" />
168-->[com.google.firebase:firebase-auth:21.0.1] AndroidManifest.xml:36:17-76
168-->[com.google.firebase:firebase-auth:21.0.1] AndroidManifest.xml:36:27-73
169            </intent-filter>
170        </service>
171
172        <activity
172-->[com.google.android.gms:play-services-base:17.5.0] AndroidManifest.xml:23:9-26:75
173            android:name="com.google.android.gms.common.api.GoogleApiActivity"
173-->[com.google.android.gms:play-services-base:17.5.0] AndroidManifest.xml:24:13-79
174            android:exported="false"
174-->[com.google.android.gms:play-services-base:17.5.0] AndroidManifest.xml:25:13-37
175            android:theme="@android:style/Theme.Translucent.NoTitleBar" />
175-->[com.google.android.gms:play-services-base:17.5.0] AndroidManifest.xml:26:13-72
176
177        <provider
177-->[com.google.firebase:firebase-common:20.0.0] AndroidManifest.xml:26:9-31:39
178            android:name="com.google.firebase.provider.FirebaseInitProvider"
178-->[com.google.firebase:firebase-common:20.0.0] AndroidManifest.xml:27:13-77
179            android:authorities="com.jeuxdevelopers.superchat.firebaseinitprovider"
179-->[com.google.firebase:firebase-common:20.0.0] AndroidManifest.xml:28:13-72
180            android:directBootAware="true"
180-->[com.google.firebase:firebase-common:20.0.0] AndroidManifest.xml:29:13-43
181            android:exported="false"
181-->[com.google.firebase:firebase-common:20.0.0] AndroidManifest.xml:30:13-37
182            android:initOrder="100" />
182-->[com.google.firebase:firebase-common:20.0.0] AndroidManifest.xml:31:13-36
183
184        <meta-data
184-->[com.google.android.gms:play-services-basement:17.5.0] AndroidManifest.xml:23:9-25:69
185            android:name="com.google.android.gms.version"
185-->[com.google.android.gms:play-services-basement:17.5.0] AndroidManifest.xml:24:13-58
186            android:value="@integer/google_play_services_version" />
186-->[com.google.android.gms:play-services-basement:17.5.0] AndroidManifest.xml:25:13-66
187        <meta-data
187-->[com.android.billingclient:billing:4.0.0] AndroidManifest.xml:13:9-15:37
188            android:name="com.google.android.play.billingclient.version"
188-->[com.android.billingclient:billing:4.0.0] AndroidManifest.xml:14:13-73
189            android:value="4.0.0" />
189-->[com.android.billingclient:billing:4.0.0] AndroidManifest.xml:15:13-34
190
191        <activity
191-->[com.android.billingclient:billing:4.0.0] AndroidManifest.xml:17:9-21:75
192            android:name="com.android.billingclient.api.ProxyBillingActivity"
192-->[com.android.billingclient:billing:4.0.0] AndroidManifest.xml:18:13-78
193            android:configChanges="keyboard|keyboardHidden|screenLayout|screenSize|orientation"
193-->[com.android.billingclient:billing:4.0.0] AndroidManifest.xml:19:13-96
194            android:exported="false"
194-->[com.android.billingclient:billing:4.0.0] AndroidManifest.xml:20:13-37
195            android:theme="@android:style/Theme.Translucent.NoTitleBar" />
195-->[com.android.billingclient:billing:4.0.0] AndroidManifest.xml:21:13-72
196    </application>
197
198</manifest>